c:\users\kondeu\documents\github\commonserial\tmp\release\common.pch
c:\users\kondeu\documents\github\commonserial\tmp\release\vc140.pdb
c:\users\kondeu\documents\github\commonserial\tmp\release\stdafx.obj
c:\users\kondeu\documents\github\commonserial\tmp\release\config.obj
c:\users\kondeu\documents\github\commonserial\tmp\release\sendcmd.obj
c:\users\kondeu\documents\github\commonserial\tmp\release\uiutils.obj
c:\users\kondeu\documents\github\commonserial\tmp\release\uiverticallayout.obj
c:\users\kondeu\documents\github\commonserial\tmp\release\uisystemcontrols.obj
c:\users\kondeu\documents\github\commonserial\tmp\release\uimarkup.obj
c:\users\kondeu\documents\github\commonserial\tmp\release\uimanager.obj
c:\users\kondeu\documents\github\commonserial\tmp\release\uihorizontallayout.obj
c:\users\kondeu\documents\github\commonserial\tmp\release\uidlgbuilder.obj
c:\users\kondeu\documents\github\commonserial\tmp\release\uicontrol.obj
c:\users\kondeu\documents\github\commonserial\tmp\release\uicontainer.obj
c:\users\kondeu\documents\github\commonserial\tmp\release\sdklayout.obj
c:\users\kondeu\documents\github\commonserial\tmp\release\msg.obj
c:\users\kondeu\documents\github\commonserial\tmp\release\dataprocessor.obj
c:\users\kondeu\documents\github\commonserial\tmp\release\common.obj
c:\users\kondeu\documents\github\commonserial\tmp\release\comm.obj
c:\users\kondeu\documents\github\commonserial\tmp\release\asctable.obj
c:\users\kondeu\documents\github\commonserial\tmp\release\waveformdisplay.obj
c:\users\kondeu\documents\github\commonserial\tmp\release\cconfig.obj
c:\users\kondeu\documents\github\commonserial\tmp\release\about.obj
c:\users\kondeu\documents\github\commonserial\tmp\release\wnd.obj
c:\users\kondeu\documents\github\commonserial\tmp\release\windowmanager.obj
c:\users\kondeu\documents\github\commonserial\tmp\release\timer.obj
c:\users\kondeu\documents\github\commonserial\tmp\release\theapp.obj
c:\users\kondeu\documents\github\commonserial\tmp\release\texteditor.obj
c:\users\kondeu\documents\github\commonserial\tmp\release\inputbox.obj
c:\users\kondeu\documents\github\commonserial\tmp\release\fileoperation.obj
c:\users\kondeu\documents\github\commonserial\tmp\release\filedialog.obj
c:\users\kondeu\documents\github\commonserial\tmp\release\dialogbuilder.obj
c:\users\kondeu\documents\github\commonserial\tmp\release\utils.obj
c:\users\kondeu\documents\github\commonserial\tmp\release\memory.obj
c:\users\kondeu\documents\github\commonserial\tmp\release\tinyxml2.obj
c:\users\kondeu\documents\github\commonserial\tmp\release\thunk.obj
c:\users\kondeu\documents\github\commonserial\tmp\release\debug.obj
c:\users\kondeu\documents\github\commonserial\tmp\release\pinctrl.obj
c:\users\kondeu\documents\github\commonserial\tmp\release\list.obj
c:\users\kondeu\documents\github\commonserial\bin\common.exe
c:\users\kondeu\documents\github\commonserial\bin\common.pdb
c:\users\kondeu\documents\github\commonserial\tmp\release\common.res
c:\users\kondeu\documents\github\commonserial\pro\..\bin\common.exe
c:\users\kondeu\documents\github\commonserial\tmp\release\common.tlog\cl.command.1.tlog
c:\users\kondeu\documents\github\commonserial\tmp\release\common.tlog\cl.read.1.tlog
c:\users\kondeu\documents\github\commonserial\tmp\release\common.tlog\cl.write.1.tlog
c:\users\kondeu\documents\github\commonserial\tmp\release\common.tlog\link.command.1.tlog
c:\users\kondeu\documents\github\commonserial\tmp\release\common.tlog\link.read.1.tlog
c:\users\kondeu\documents\github\commonserial\tmp\release\common.tlog\link.write.1.tlog
c:\users\kondeu\documents\github\commonserial\tmp\release\common.tlog\rc.command.1.tlog
c:\users\kondeu\documents\github\commonserial\tmp\release\common.tlog\rc.read.1.tlog
c:\users\kondeu\documents\github\commonserial\tmp\release\common.tlog\rc.write.1.tlog
