  stdafx.cpp
  about.cpp
  CConfig.cpp
  WaveformDisplay.cpp
  asctable.cpp
  comm.cpp
  common.cpp
  DataProcessor.cpp
  msg.cpp
c:\users\kondeu\documents\github\commonserial\src\AdditionFuncs\WaveformDisplay\WaveformDisplay.h(21): warning C4101: “WDReceiveData”: 未引用的局部变量
  SdkLayout.cpp
  UIContainer.cpp
  UIControl.cpp
  UIDlgBuilder.cpp
  UIHorizontalLayout.cpp
  UIManager.cpp
  UIMarkup.cpp
  UISystemControls.cpp
  UIVerticalLayout.cpp
  uiUtils.cpp
  SendCmd.cpp
  Config.cpp
  正在编译...
  memory.cpp
  utils.cpp
  DialogBuilder.cpp
  FileDialog.cpp
  FileOperation.cpp
  InputBox.cpp
  TextEditor.cpp
  theApp.cpp
  Timer.cpp
  WindowManager.cpp
  Wnd.cpp
  debug.cpp
  Thunk.cpp
  tinyxml2.cpp
  pinctrl.cpp
  list.c
  正在生成代码
  1 of 2845 functions ( 0.0%) were compiled, the rest were copied from previous compilation.
    0 functions were new in current compilation
    0 functions had inline decision re-evaluated but remain unchanged
  已完成代码的生成
  common.vcxproj -> C:\Users\KondeU\Documents\GitHub\CommonSerial\pro\..\bin\common.exe
  common.vcxproj -> ..\bin\common.pdb (Full PDB)
