  stdafx.cpp
  utils.cpp
  memory.cpp
  Config.cpp
  uiUtils.cpp
  UIVerticalLayout.cpp
  UISystemControls.cpp
  UIMarkup.cpp
  UIManager.cpp
  UIHorizontalLayout.cpp
  UIDlgBuilder.cpp
  UIControl.cpp
  UIContainer.cpp
  SdkLayout.cpp
  msg.cpp
c:\users\kondeu\desktop\串口\myself\commonserial\src\additionfuncs\waveformdisplay\waveformdisplay.h(6): warning C4101: “WDReceiveData”: 未引用的局部变量
  common.cpp
  comm.cpp
  asctable.cpp
  about.cpp
  theApp.cpp
  Wnd.cpp
  正在生成代码...
  正在编译...
  WindowManager.cpp
  Timer.cpp
  TextEditor.cpp
  InputBox.cpp
  FileOperation.cpp
  FileDialog.cpp
  DialogBuilder.cpp
  SendCmd.cpp
  DataProcessor.cpp
  WaveformDisplay.cpp
c:\users\kondeu\desktop\串口\myself\commonserial\src\additionfuncs\waveformdisplay\waveformdisplay.cpp(203): warning C4244: “参数”: 从“double”转换到“int”，可能丢失数据
c:\users\kondeu\desktop\串口\myself\commonserial\src\additionfuncs\waveformdisplay\waveformdisplay.cpp(209): warning C4244: “参数”: 从“double”转换到“int”，可能丢失数据
c:\users\kondeu\desktop\串口\myself\commonserial\src\additionfuncs\waveformdisplay\waveformdisplay.cpp(214): warning C4244: “参数”: 从“double”转换到“int”，可能丢失数据
  CConfig.cpp
  正在生成代码...
  正在跳过...(未检测到相关更改)
  pinctrl.cpp
  common.vcxproj -> C:\Users\KondeU\Desktop\串口\Myself\CommonSerial\pro\..\bin\common_debug.exe
  common.vcxproj -> ..\bin\common_debug.pdb (Full PDB)
