c:\users\kondeu\desktop\串口\myself\commonserial\tmp\debug\common_debug.pch
c:\users\kondeu\desktop\串口\myself\commonserial\tmp\debug\vc140.pdb
c:\users\kondeu\desktop\串口\myself\commonserial\tmp\debug\vc140.idb
c:\users\kondeu\desktop\串口\myself\commonserial\tmp\debug\stdafx.obj
c:\users\kondeu\desktop\串口\myself\commonserial\tmp\debug\uidlgbuilder.obj
c:\users\kondeu\desktop\串口\myself\commonserial\tmp\debug\uihorizontallayout.obj
c:\users\kondeu\desktop\串口\myself\commonserial\tmp\debug\uimanager.obj
c:\users\kondeu\desktop\串口\myself\commonserial\tmp\debug\uimarkup.obj
c:\users\kondeu\desktop\串口\myself\commonserial\tmp\debug\uisystemcontrols.obj
c:\users\kondeu\desktop\串口\myself\commonserial\tmp\debug\uiverticallayout.obj
c:\users\kondeu\desktop\串口\myself\commonserial\tmp\debug\uiutils.obj
c:\users\kondeu\desktop\串口\myself\commonserial\tmp\debug\sendcmd.obj
c:\users\kondeu\desktop\串口\myself\commonserial\tmp\debug\config.obj
c:\users\kondeu\desktop\串口\myself\commonserial\tmp\debug\memory.obj
c:\users\kondeu\desktop\串口\myself\commonserial\tmp\debug\utils.obj
c:\users\kondeu\desktop\串口\myself\commonserial\tmp\debug\dialogbuilder.obj
c:\users\kondeu\desktop\串口\myself\commonserial\tmp\debug\filedialog.obj
c:\users\kondeu\desktop\串口\myself\commonserial\tmp\debug\fileoperation.obj
c:\users\kondeu\desktop\串口\myself\commonserial\tmp\debug\inputbox.obj
c:\users\kondeu\desktop\串口\myself\commonserial\tmp\debug\texteditor.obj
c:\users\kondeu\desktop\串口\myself\commonserial\tmp\debug\theapp.obj
c:\users\kondeu\desktop\串口\myself\commonserial\tmp\debug\timer.obj
c:\users\kondeu\desktop\串口\myself\commonserial\tmp\debug\windowmanager.obj
c:\users\kondeu\desktop\串口\myself\commonserial\tmp\debug\wnd.obj
c:\users\kondeu\desktop\串口\myself\commonserial\tmp\debug\about.obj
c:\users\kondeu\desktop\串口\myself\commonserial\tmp\debug\cconfig.obj
c:\users\kondeu\desktop\串口\myself\commonserial\tmp\debug\waveformdisplay.obj
c:\users\kondeu\desktop\串口\myself\commonserial\tmp\debug\asctable.obj
c:\users\kondeu\desktop\串口\myself\commonserial\tmp\debug\comm.obj
c:\users\kondeu\desktop\串口\myself\commonserial\tmp\debug\common.obj
c:\users\kondeu\desktop\串口\myself\commonserial\tmp\debug\dataprocessor.obj
c:\users\kondeu\desktop\串口\myself\commonserial\tmp\debug\msg.obj
c:\users\kondeu\desktop\串口\myself\commonserial\tmp\debug\sdklayout.obj
c:\users\kondeu\desktop\串口\myself\commonserial\tmp\debug\uicontainer.obj
c:\users\kondeu\desktop\串口\myself\commonserial\tmp\debug\uicontrol.obj
c:\users\kondeu\desktop\串口\myself\commonserial\tmp\debug\debug.obj
c:\users\kondeu\desktop\串口\myself\commonserial\tmp\debug\thunk.obj
c:\users\kondeu\desktop\串口\myself\commonserial\tmp\debug\tinyxml2.obj
c:\users\kondeu\desktop\串口\myself\commonserial\tmp\debug\pinctrl.obj
c:\users\kondeu\desktop\串口\myself\commonserial\tmp\debug\list.obj
c:\users\kondeu\desktop\串口\myself\commonserial\bin\common_debug.ilk
c:\users\kondeu\desktop\串口\myself\commonserial\bin\common_debug.exe
c:\users\kondeu\desktop\串口\myself\commonserial\bin\common_debug.pdb
c:\users\kondeu\desktop\串口\myself\commonserial\tmp\debug\common_debug.exe.embed.manifest.res
c:\users\kondeu\desktop\串口\myself\commonserial\tmp\debug\common.res
c:\users\kondeu\desktop\串口\myself\commonserial\tmp\debug\waveformdisplay.obj.enc
c:\users\kondeu\desktop\串口\myself\commonserial\tmp\debug\common_debug.exe.embed.manifest
c:\users\kondeu\desktop\串口\myself\commonserial\tmp\debug\common_debug_manifest.rc
c:\users\kondeu\desktop\串口\myself\commonserial\pro\..\bin\common_debug.exe
c:\users\kondeu\desktop\串口\myself\commonserial\tmp\debug\common.tlog\cl.command.1.tlog
c:\users\kondeu\desktop\串口\myself\commonserial\tmp\debug\common.tlog\cl.read.1.tlog
c:\users\kondeu\desktop\串口\myself\commonserial\tmp\debug\common.tlog\cl.write.1.tlog
c:\users\kondeu\desktop\串口\myself\commonserial\tmp\debug\common.tlog\link.command.1.tlog
c:\users\kondeu\desktop\串口\myself\commonserial\tmp\debug\common.tlog\link.read.1.tlog
c:\users\kondeu\desktop\串口\myself\commonserial\tmp\debug\common.tlog\link.write.1.tlog
c:\users\kondeu\desktop\串口\myself\commonserial\tmp\debug\common.tlog\rc.command.1.tlog
c:\users\kondeu\desktop\串口\myself\commonserial\tmp\debug\common.tlog\rc.read.1.tlog
c:\users\kondeu\desktop\串口\myself\commonserial\tmp\debug\common.tlog\rc.write.1.tlog
